p/1578168718873.jpg 1 0 0 77 96
p/1578168712158.jpg 1 0 0 108 108
p/1578168705666.jpg 1 0 0 95 110
p/1578168696187.jpg 1 0 0 79 106
p/1578168688808.jpg 1 0 0 69 95
p/1578168681678.jpg 1 0 0 52 84
p/1578168672930.jpg 1 0 0 112 108
p/1578168667235.jpg 1 0 0 73 89
p/1578168658563.jpg 1 0 0 53 80
p/1578168651232.jpg 1 0 0 54 87
p/1578168645637.jpg 1 0 0 75 91
p/1578168626731.jpg 1 0 0 73 97
p/1578168618879.jpg 1 0 0 70 93
p/1578168602157.jpg 1 0 0 86 83
p/1578168595608.jpg 1 0 0 61 90
p/1578168588555.jpg 1 0 0 101 66
p/1578168582295.jpg 1 0 0 81 94
p/1578168573176.jpg 1 0 0 63 96
p/1578168566316.jpg 1 0 0 67 95
p/1578168556170.jpg 1 0 0 63 91
p/1578168547951.jpg 1 0 0 72 99
p/1578168540341.jpg 1 0 0 72 97
p/1578168534656.jpg 1 0 0 67 103
p/1578168528269.jpg 1 0 0 59 84
p/1578168521161.jpg 1 0 0 58 80
p/1578168505330.jpg 1 0 0 59 77
p/1578168497637.jpg 1 0 0 64 99
p/1578168490279.jpg 1 0 0 56 75
p/1578168482458.jpg 1 0 0 57 86
p/1578168476218.jpg 1 0 0 57 76
p/1578168467951.jpg 1 0 0 84 106
p/1578168460016.jpg 1 0 0 63 103
p/1578168450289.jpg 1 0 0 56 88
p/1578168441674.jpg 1 0 0 60 88
p/1578168432702.jpg 1 0 0 65 89
p/1578168423313.jpg 1 0 0 90 102
p/1578168416196.jpg 1 0 0 62 83
p/1578168409042.jpg 1 0 0 47 72