p/1578163431017.jpg 1 0 0 60 61
p/1578163425816.jpg 1 0 0 56 55
p/1578163420457.jpg 1 0 0 63 63
p/1578163413710.jpg 1 0 0 66 55
p/1578163408612.jpg 1 0 0 67 66
p/1578163403419.jpg 1 0 0 58 62
p/1578163397761.jpg 1 0 0 53 50
p/1578163392407.jpg 1 0 0 56 60
p/1578163385529.jpg 1 0 0 47 53
p/1578163377878.jpg 1 0 0 59 69
p/1578163370946.jpg 1 0 0 63 82
p/1578163363105.jpg 1 0 0 67 85
p/1578163357072.jpg 1 0 0 65 60
p/1578163348986.jpg 1 0 0 57 56
p/1578163343361.jpg 1 0 0 66 69
p/1578163334417.jpg 1 0 0 72 61
p/1578163327364.jpg 1 0 0 65 62
p/1578163320248.jpg 1 0 0 74 55
p/1578163312870.jpg 1 0 0 58 57
p/1578163307547.jpg 1 0 0 56 56
p/1578163300992.jpg 1 0 0 94 80
p/1578163295710.jpg 1 0 0 67 73
p/1578163289252.jpg 1 0 0 64 61
p/1578163283363.jpg 1 0 0 90 88
p/1578163275255.jpg 1 0 0 86 54
p/1578163268017.jpg 1 0 0 52 48
p/1578163260327.jpg 1 0 0 75 46
p/1578163254480.jpg 1 0 0 63 53
p/1578163246883.jpg 1 0 0 62 60
p/1578163236850.jpg 1 0 0 54 52
p/1578163230400.jpg 1 0 0 78 72
p/1578163222597.jpg 1 0 0 66 78
p/1578163212265.jpg 1 0 0 73 64
p/1578163205516.jpg 1 0 0 53 45
p/1578163199630.jpg 1 0 0 56 54
p/1578163191869.jpg 1 0 0 51 46
p/1578163186805.jpg 1 0 0 47 49
p/1578163179950.jpg 1 0 0 58 54
p/1578163173715.jpg 1 0 0 61 58
p/1578163152806.jpg 1 0 0 50 46